<?xml version="1.0" encoding="UTF-8"?>
<testng-results skipped="0" failed="0" total="2" passed="2">
  <reporter-output>
  </reporter-output>
  <suite name="Suite" duration-ms="5054" started-at="2015-07-20T02:36:29Z" finished-at="2015-07-20T02:36:34Z">
    <groups>
    </groups>
    <test name="Test" duration-ms="5054" started-at="2015-07-20T02:36:29Z" finished-at="2015-07-20T02:36:34Z">
      <class name="com.mycompany.testUsingMaven.TestYahoo1">
        <test-method status="PASS" signature="tesBrowserOpen()[pri:0, instance:com.mycompany.testUsingMaven.TestYahoo1@2d209079]" name="tesBrowserOpen" duration-ms="5041" started-at="2015-07-19T19:36:29Z" finished-at="2015-07-19T19:36:34Z">
          <reporter-output>
          </reporter-output>
        </test-method> <!-- tesBrowserOpen -->
        <test-method status="PASS" signature="testCompose()[pri:0, instance:com.mycompany.testUsingMaven.TestYahoo1@2d209079]" name="testCompose" duration-ms="0" started-at="2015-07-19T19:36:34Z" finished-at="2015-07-19T19:36:34Z">
          <reporter-output>
          </reporter-output>
        </test-method> <!-- testCompose -->
      </class> <!-- com.mycompany.testUsingMaven.TestYahoo1 -->
    </test> <!-- Test -->
  </suite> <!-- Suite -->
</testng-results>
